  소스.cpp
C:\Users\User\source\repos\LR_Parser_2014253064\LR_Parser_2014253064\소스.cpp(268): warning C4996: 'strcpy': This function or variable may be unsafe. Consider using strcpy_s instead. To disable deprecation, use _CRT_SECURE_NO_WARNINGS. See online help for details.
  C:\Program Files (x86)\Windows Kits\10\Include\10.0.17763.0\ucrt\string.h(133): note: 'strcpy' 선언을 참조하십시오.
C:\Users\User\source\repos\LR_Parser_2014253064\LR_Parser_2014253064\소스.cpp(294): warning C4996: 'strcpy': This function or variable may be unsafe. Consider using strcpy_s instead. To disable deprecation, use _CRT_SECURE_NO_WARNINGS. See online help for details.
  C:\Program Files (x86)\Windows Kits\10\Include\10.0.17763.0\ucrt\string.h(133): note: 'strcpy' 선언을 참조하십시오.
C:\Users\User\source\repos\LR_Parser_2014253064\LR_Parser_2014253064\소스.cpp(296): warning C4996: 'strcpy': This function or variable may be unsafe. Consider using strcpy_s instead. To disable deprecation, use _CRT_SECURE_NO_WARNINGS. See online help for details.
  C:\Program Files (x86)\Windows Kits\10\Include\10.0.17763.0\ucrt\string.h(133): note: 'strcpy' 선언을 참조하십시오.
C:\Users\User\source\repos\LR_Parser_2014253064\LR_Parser_2014253064\소스.cpp(317): warning C4996: 'strcpy': This function or variable may be unsafe. Consider using strcpy_s instead. To disable deprecation, use _CRT_SECURE_NO_WARNINGS. See online help for details.
  C:\Program Files (x86)\Windows Kits\10\Include\10.0.17763.0\ucrt\string.h(133): note: 'strcpy' 선언을 참조하십시오.
C:\Users\User\source\repos\LR_Parser_2014253064\LR_Parser_2014253064\소스.cpp(319): warning C4996: 'strcpy': This function or variable may be unsafe. Consider using strcpy_s instead. To disable deprecation, use _CRT_SECURE_NO_WARNINGS. See online help for details.
  C:\Program Files (x86)\Windows Kits\10\Include\10.0.17763.0\ucrt\string.h(133): note: 'strcpy' 선언을 참조하십시오.
C:\Users\User\source\repos\LR_Parser_2014253064\LR_Parser_2014253064\소스.cpp(322): warning C4996: 'strcpy': This function or variable may be unsafe. Consider using strcpy_s instead. To disable deprecation, use _CRT_SECURE_NO_WARNINGS. See online help for details.
  C:\Program Files (x86)\Windows Kits\10\Include\10.0.17763.0\ucrt\string.h(133): note: 'strcpy' 선언을 참조하십시오.
C:\Users\User\source\repos\LR_Parser_2014253064\LR_Parser_2014253064\소스.cpp(329): warning C4996: 'strcpy': This function or variable may be unsafe. Consider using strcpy_s instead. To disable deprecation, use _CRT_SECURE_NO_WARNINGS. See online help for details.
  C:\Program Files (x86)\Windows Kits\10\Include\10.0.17763.0\ucrt\string.h(133): note: 'strcpy' 선언을 참조하십시오.
C:\Users\User\source\repos\LR_Parser_2014253064\LR_Parser_2014253064\소스.cpp(344): warning C4996: 'strcpy': This function or variable may be unsafe. Consider using strcpy_s instead. To disable deprecation, use _CRT_SECURE_NO_WARNINGS. See online help for details.
  C:\Program Files (x86)\Windows Kits\10\Include\10.0.17763.0\ucrt\string.h(133): note: 'strcpy' 선언을 참조하십시오.
C:\Users\User\source\repos\LR_Parser_2014253064\LR_Parser_2014253064\소스.cpp(346): warning C4996: 'strcpy': This function or variable may be unsafe. Consider using strcpy_s instead. To disable deprecation, use _CRT_SECURE_NO_WARNINGS. See online help for details.
  C:\Program Files (x86)\Windows Kits\10\Include\10.0.17763.0\ucrt\string.h(133): note: 'strcpy' 선언을 참조하십시오.
C:\Users\User\source\repos\LR_Parser_2014253064\LR_Parser_2014253064\소스.cpp(352): warning C4996: 'strcpy': This function or variable may be unsafe. Consider using strcpy_s instead. To disable deprecation, use _CRT_SECURE_NO_WARNINGS. See online help for details.
  C:\Program Files (x86)\Windows Kits\10\Include\10.0.17763.0\ucrt\string.h(133): note: 'strcpy' 선언을 참조하십시오.
C:\Users\User\source\repos\LR_Parser_2014253064\LR_Parser_2014253064\소스.cpp(354): warning C4996: 'strcpy': This function or variable may be unsafe. Consider using strcpy_s instead. To disable deprecation, use _CRT_SECURE_NO_WARNINGS. See online help for details.
  C:\Program Files (x86)\Windows Kits\10\Include\10.0.17763.0\ucrt\string.h(133): note: 'strcpy' 선언을 참조하십시오.
C:\Users\User\source\repos\LR_Parser_2014253064\LR_Parser_2014253064\소스.cpp(364): warning C4996: 'strcpy': This function or variable may be unsafe. Consider using strcpy_s instead. To disable deprecation, use _CRT_SECURE_NO_WARNINGS. See online help for details.
  C:\Program Files (x86)\Windows Kits\10\Include\10.0.17763.0\ucrt\string.h(133): note: 'strcpy' 선언을 참조하십시오.
C:\Users\User\source\repos\LR_Parser_2014253064\LR_Parser_2014253064\소스.cpp(371): warning C4996: 'strcpy': This function or variable may be unsafe. Consider using strcpy_s instead. To disable deprecation, use _CRT_SECURE_NO_WARNINGS. See online help for details.
  C:\Program Files (x86)\Windows Kits\10\Include\10.0.17763.0\ucrt\string.h(133): note: 'strcpy' 선언을 참조하십시오.
C:\Users\User\source\repos\LR_Parser_2014253064\LR_Parser_2014253064\소스.cpp(376): warning C4996: 'strcpy': This function or variable may be unsafe. Consider using strcpy_s instead. To disable deprecation, use _CRT_SECURE_NO_WARNINGS. See online help for details.
  C:\Program Files (x86)\Windows Kits\10\Include\10.0.17763.0\ucrt\string.h(133): note: 'strcpy' 선언을 참조하십시오.
C:\Users\User\source\repos\LR_Parser_2014253064\LR_Parser_2014253064\소스.cpp(380): warning C4996: 'strcpy': This function or variable may be unsafe. Consider using strcpy_s instead. To disable deprecation, use _CRT_SECURE_NO_WARNINGS. See online help for details.
  C:\Program Files (x86)\Windows Kits\10\Include\10.0.17763.0\ucrt\string.h(133): note: 'strcpy' 선언을 참조하십시오.
C:\Users\User\source\repos\LR_Parser_2014253064\LR_Parser_2014253064\소스.cpp(388): warning C4996: 'strcpy': This function or variable may be unsafe. Consider using strcpy_s instead. To disable deprecation, use _CRT_SECURE_NO_WARNINGS. See online help for details.
  C:\Program Files (x86)\Windows Kits\10\Include\10.0.17763.0\ucrt\string.h(133): note: 'strcpy' 선언을 참조하십시오.
C:\Users\User\source\repos\LR_Parser_2014253064\LR_Parser_2014253064\소스.cpp(392): warning C4996: 'strcpy': This function or variable may be unsafe. Consider using strcpy_s instead. To disable deprecation, use _CRT_SECURE_NO_WARNINGS. See online help for details.
  C:\Program Files (x86)\Windows Kits\10\Include\10.0.17763.0\ucrt\string.h(133): note: 'strcpy' 선언을 참조하십시오.
C:\Users\User\source\repos\LR_Parser_2014253064\LR_Parser_2014253064\소스.cpp(400): warning C4996: 'strcpy': This function or variable may be unsafe. Consider using strcpy_s instead. To disable deprecation, use _CRT_SECURE_NO_WARNINGS. See online help for details.
  C:\Program Files (x86)\Windows Kits\10\Include\10.0.17763.0\ucrt\string.h(133): note: 'strcpy' 선언을 참조하십시오.
C:\Users\User\source\repos\LR_Parser_2014253064\LR_Parser_2014253064\소스.cpp(404): warning C4996: 'strcpy': This function or variable may be unsafe. Consider using strcpy_s instead. To disable deprecation, use _CRT_SECURE_NO_WARNINGS. See online help for details.
  C:\Program Files (x86)\Windows Kits\10\Include\10.0.17763.0\ucrt\string.h(133): note: 'strcpy' 선언을 참조하십시오.
C:\Users\User\source\repos\LR_Parser_2014253064\LR_Parser_2014253064\소스.cpp(412): warning C4996: 'strcpy': This function or variable may be unsafe. Consider using strcpy_s instead. To disable deprecation, use _CRT_SECURE_NO_WARNINGS. See online help for details.
  C:\Program Files (x86)\Windows Kits\10\Include\10.0.17763.0\ucrt\string.h(133): note: 'strcpy' 선언을 참조하십시오.
C:\Users\User\source\repos\LR_Parser_2014253064\LR_Parser_2014253064\소스.cpp(416): warning C4996: 'strcpy': This function or variable may be unsafe. Consider using strcpy_s instead. To disable deprecation, use _CRT_SECURE_NO_WARNINGS. See online help for details.
  C:\Program Files (x86)\Windows Kits\10\Include\10.0.17763.0\ucrt\string.h(133): note: 'strcpy' 선언을 참조하십시오.
C:\Users\User\source\repos\LR_Parser_2014253064\LR_Parser_2014253064\소스.cpp(419): warning C4996: 'strcpy': This function or variable may be unsafe. Consider using strcpy_s instead. To disable deprecation, use _CRT_SECURE_NO_WARNINGS. See online help for details.
  C:\Program Files (x86)\Windows Kits\10\Include\10.0.17763.0\ucrt\string.h(133): note: 'strcpy' 선언을 참조하십시오.
C:\Users\User\source\repos\LR_Parser_2014253064\LR_Parser_2014253064\소스.cpp(423): warning C4996: 'strcpy': This function or variable may be unsafe. Consider using strcpy_s instead. To disable deprecation, use _CRT_SECURE_NO_WARNINGS. See online help for details.
  C:\Program Files (x86)\Windows Kits\10\Include\10.0.17763.0\ucrt\string.h(133): note: 'strcpy' 선언을 참조하십시오.
C:\Users\User\source\repos\LR_Parser_2014253064\LR_Parser_2014253064\소스.cpp(426): warning C4996: 'strcpy': This function or variable may be unsafe. Consider using strcpy_s instead. To disable deprecation, use _CRT_SECURE_NO_WARNINGS. See online help for details.
  C:\Program Files (x86)\Windows Kits\10\Include\10.0.17763.0\ucrt\string.h(133): note: 'strcpy' 선언을 참조하십시오.
C:\Users\User\source\repos\LR_Parser_2014253064\LR_Parser_2014253064\소스.cpp(429): warning C4996: 'strcpy': This function or variable may be unsafe. Consider using strcpy_s instead. To disable deprecation, use _CRT_SECURE_NO_WARNINGS. See online help for details.
  C:\Program Files (x86)\Windows Kits\10\Include\10.0.17763.0\ucrt\string.h(133): note: 'strcpy' 선언을 참조하십시오.
C:\Users\User\source\repos\LR_Parser_2014253064\LR_Parser_2014253064\소스.cpp(433): warning C4996: 'strcpy': This function or variable may be unsafe. Consider using strcpy_s instead. To disable deprecation, use _CRT_SECURE_NO_WARNINGS. See online help for details.
  C:\Program Files (x86)\Windows Kits\10\Include\10.0.17763.0\ucrt\string.h(133): note: 'strcpy' 선언을 참조하십시오.
C:\Users\User\source\repos\LR_Parser_2014253064\LR_Parser_2014253064\소스.cpp(437): warning C4996: 'strcpy': This function or variable may be unsafe. Consider using strcpy_s instead. To disable deprecation, use _CRT_SECURE_NO_WARNINGS. See online help for details.
  C:\Program Files (x86)\Windows Kits\10\Include\10.0.17763.0\ucrt\string.h(133): note: 'strcpy' 선언을 참조하십시오.
C:\Users\User\source\repos\LR_Parser_2014253064\LR_Parser_2014253064\소스.cpp(440): warning C4996: 'strcpy': This function or variable may be unsafe. Consider using strcpy_s instead. To disable deprecation, use _CRT_SECURE_NO_WARNINGS. See online help for details.
  C:\Program Files (x86)\Windows Kits\10\Include\10.0.17763.0\ucrt\string.h(133): note: 'strcpy' 선언을 참조하십시오.
C:\Users\User\source\repos\LR_Parser_2014253064\LR_Parser_2014253064\소스.cpp(443): warning C4996: 'strcpy': This function or variable may be unsafe. Consider using strcpy_s instead. To disable deprecation, use _CRT_SECURE_NO_WARNINGS. See online help for details.
  C:\Program Files (x86)\Windows Kits\10\Include\10.0.17763.0\ucrt\string.h(133): note: 'strcpy' 선언을 참조하십시오.
C:\Users\User\source\repos\LR_Parser_2014253064\LR_Parser_2014253064\소스.cpp(446): warning C4996: 'strcpy': This function or variable may be unsafe. Consider using strcpy_s instead. To disable deprecation, use _CRT_SECURE_NO_WARNINGS. See online help for details.
  C:\Program Files (x86)\Windows Kits\10\Include\10.0.17763.0\ucrt\string.h(133): note: 'strcpy' 선언을 참조하십시오.
C:\Users\User\source\repos\LR_Parser_2014253064\LR_Parser_2014253064\소스.cpp(449): warning C4996: 'strcpy': This function or variable may be unsafe. Consider using strcpy_s instead. To disable deprecation, use _CRT_SECURE_NO_WARNINGS. See online help for details.
  C:\Program Files (x86)\Windows Kits\10\Include\10.0.17763.0\ucrt\string.h(133): note: 'strcpy' 선언을 참조하십시오.
C:\Users\User\source\repos\LR_Parser_2014253064\LR_Parser_2014253064\소스.cpp(452): warning C4996: 'strcpy': This function or variable may be unsafe. Consider using strcpy_s instead. To disable deprecation, use _CRT_SECURE_NO_WARNINGS. See online help for details.
  C:\Program Files (x86)\Windows Kits\10\Include\10.0.17763.0\ucrt\string.h(133): note: 'strcpy' 선언을 참조하십시오.
C:\Users\User\source\repos\LR_Parser_2014253064\LR_Parser_2014253064\소스.cpp(455): warning C4996: 'strcpy': This function or variable may be unsafe. Consider using strcpy_s instead. To disable deprecation, use _CRT_SECURE_NO_WARNINGS. See online help for details.
  C:\Program Files (x86)\Windows Kits\10\Include\10.0.17763.0\ucrt\string.h(133): note: 'strcpy' 선언을 참조하십시오.
C:\Users\User\source\repos\LR_Parser_2014253064\LR_Parser_2014253064\소스.cpp(458): warning C4996: 'strcpy': This function or variable may be unsafe. Consider using strcpy_s instead. To disable deprecation, use _CRT_SECURE_NO_WARNINGS. See online help for details.
  C:\Program Files (x86)\Windows Kits\10\Include\10.0.17763.0\ucrt\string.h(133): note: 'strcpy' 선언을 참조하십시오.
C:\Users\User\source\repos\LR_Parser_2014253064\LR_Parser_2014253064\소스.cpp(461): warning C4996: 'strcpy': This function or variable may be unsafe. Consider using strcpy_s instead. To disable deprecation, use _CRT_SECURE_NO_WARNINGS. See online help for details.
  C:\Program Files (x86)\Windows Kits\10\Include\10.0.17763.0\ucrt\string.h(133): note: 'strcpy' 선언을 참조하십시오.
C:\Users\User\source\repos\LR_Parser_2014253064\LR_Parser_2014253064\소스.cpp(464): warning C4996: 'strcpy': This function or variable may be unsafe. Consider using strcpy_s instead. To disable deprecation, use _CRT_SECURE_NO_WARNINGS. See online help for details.
  C:\Program Files (x86)\Windows Kits\10\Include\10.0.17763.0\ucrt\string.h(133): note: 'strcpy' 선언을 참조하십시오.
C:\Users\User\source\repos\LR_Parser_2014253064\LR_Parser_2014253064\소스.cpp(467): warning C4996: 'strcpy': This function or variable may be unsafe. Consider using strcpy_s instead. To disable deprecation, use _CRT_SECURE_NO_WARNINGS. See online help for details.
  C:\Program Files (x86)\Windows Kits\10\Include\10.0.17763.0\ucrt\string.h(133): note: 'strcpy' 선언을 참조하십시오.
C:\Users\User\source\repos\LR_Parser_2014253064\LR_Parser_2014253064\소스.cpp(470): warning C4996: 'strcpy': This function or variable may be unsafe. Consider using strcpy_s instead. To disable deprecation, use _CRT_SECURE_NO_WARNINGS. See online help for details.
  C:\Program Files (x86)\Windows Kits\10\Include\10.0.17763.0\ucrt\string.h(133): note: 'strcpy' 선언을 참조하십시오.
C:\Users\User\source\repos\LR_Parser_2014253064\LR_Parser_2014253064\소스.cpp(473): warning C4996: 'strcpy': This function or variable may be unsafe. Consider using strcpy_s instead. To disable deprecation, use _CRT_SECURE_NO_WARNINGS. See online help for details.
  C:\Program Files (x86)\Windows Kits\10\Include\10.0.17763.0\ucrt\string.h(133): note: 'strcpy' 선언을 참조하십시오.
C:\Users\User\source\repos\LR_Parser_2014253064\LR_Parser_2014253064\소스.cpp(476): warning C4996: 'strcpy': This function or variable may be unsafe. Consider using strcpy_s instead. To disable deprecation, use _CRT_SECURE_NO_WARNINGS. See online help for details.
  C:\Program Files (x86)\Windows Kits\10\Include\10.0.17763.0\ucrt\string.h(133): note: 'strcpy' 선언을 참조하십시오.
C:\Users\User\source\repos\LR_Parser_2014253064\LR_Parser_2014253064\소스.cpp(479): warning C4996: 'strcpy': This function or variable may be unsafe. Consider using strcpy_s instead. To disable deprecation, use _CRT_SECURE_NO_WARNINGS. See online help for details.
  C:\Program Files (x86)\Windows Kits\10\Include\10.0.17763.0\ucrt\string.h(133): note: 'strcpy' 선언을 참조하십시오.
C:\Users\User\source\repos\LR_Parser_2014253064\LR_Parser_2014253064\소스.cpp(482): warning C4996: 'strcpy': This function or variable may be unsafe. Consider using strcpy_s instead. To disable deprecation, use _CRT_SECURE_NO_WARNINGS. See online help for details.
  C:\Program Files (x86)\Windows Kits\10\Include\10.0.17763.0\ucrt\string.h(133): note: 'strcpy' 선언을 참조하십시오.
C:\Users\User\source\repos\LR_Parser_2014253064\LR_Parser_2014253064\소스.cpp(485): warning C4996: 'strcpy': This function or variable may be unsafe. Consider using strcpy_s instead. To disable deprecation, use _CRT_SECURE_NO_WARNINGS. See online help for details.
  C:\Program Files (x86)\Windows Kits\10\Include\10.0.17763.0\ucrt\string.h(133): note: 'strcpy' 선언을 참조하십시오.
C:\Users\User\source\repos\LR_Parser_2014253064\LR_Parser_2014253064\소스.cpp(488): warning C4996: 'strcpy': This function or variable may be unsafe. Consider using strcpy_s instead. To disable deprecation, use _CRT_SECURE_NO_WARNINGS. See online help for details.
  C:\Program Files (x86)\Windows Kits\10\Include\10.0.17763.0\ucrt\string.h(133): note: 'strcpy' 선언을 참조하십시오.
C:\Users\User\source\repos\LR_Parser_2014253064\LR_Parser_2014253064\소스.cpp(496): warning C4996: 'strcpy': This function or variable may be unsafe. Consider using strcpy_s instead. To disable deprecation, use _CRT_SECURE_NO_WARNINGS. See online help for details.
  C:\Program Files (x86)\Windows Kits\10\Include\10.0.17763.0\ucrt\string.h(133): note: 'strcpy' 선언을 참조하십시오.
C:\Users\User\source\repos\LR_Parser_2014253064\LR_Parser_2014253064\소스.cpp(500): warning C4996: 'strcpy': This function or variable may be unsafe. Consider using strcpy_s instead. To disable deprecation, use _CRT_SECURE_NO_WARNINGS. See online help for details.
  C:\Program Files (x86)\Windows Kits\10\Include\10.0.17763.0\ucrt\string.h(133): note: 'strcpy' 선언을 참조하십시오.
C:\Users\User\source\repos\LR_Parser_2014253064\LR_Parser_2014253064\소스.cpp(503): warning C4996: 'strcpy': This function or variable may be unsafe. Consider using strcpy_s instead. To disable deprecation, use _CRT_SECURE_NO_WARNINGS. See online help for details.
  C:\Program Files (x86)\Windows Kits\10\Include\10.0.17763.0\ucrt\string.h(133): note: 'strcpy' 선언을 참조하십시오.
C:\Users\User\source\repos\LR_Parser_2014253064\LR_Parser_2014253064\소스.cpp(507): warning C4996: 'strcpy': This function or variable may be unsafe. Consider using strcpy_s instead. To disable deprecation, use _CRT_SECURE_NO_WARNINGS. See online help for details.
  C:\Program Files (x86)\Windows Kits\10\Include\10.0.17763.0\ucrt\string.h(133): note: 'strcpy' 선언을 참조하십시오.
C:\Users\User\source\repos\LR_Parser_2014253064\LR_Parser_2014253064\소스.cpp(510): warning C4996: 'strcpy': This function or variable may be unsafe. Consider using strcpy_s instead. To disable deprecation, use _CRT_SECURE_NO_WARNINGS. See online help for details.
  C:\Program Files (x86)\Windows Kits\10\Include\10.0.17763.0\ucrt\string.h(133): note: 'strcpy' 선언을 참조하십시오.
C:\Users\User\source\repos\LR_Parser_2014253064\LR_Parser_2014253064\소스.cpp(531): warning C4996: 'strcpy': This function or variable may be unsafe. Consider using strcpy_s instead. To disable deprecation, use _CRT_SECURE_NO_WARNINGS. See online help for details.
  C:\Program Files (x86)\Windows Kits\10\Include\10.0.17763.0\ucrt\string.h(133): note: 'strcpy' 선언을 참조하십시오.
C:\Users\User\source\repos\LR_Parser_2014253064\LR_Parser_2014253064\소스.cpp(559): warning C4996: 'strcpy': This function or variable may be unsafe. Consider using strcpy_s instead. To disable deprecation, use _CRT_SECURE_NO_WARNINGS. See online help for details.
  C:\Program Files (x86)\Windows Kits\10\Include\10.0.17763.0\ucrt\string.h(133): note: 'strcpy' 선언을 참조하십시오.
C:\Users\User\source\repos\LR_Parser_2014253064\LR_Parser_2014253064\소스.cpp(563): warning C4996: 'strcpy': This function or variable may be unsafe. Consider using strcpy_s instead. To disable deprecation, use _CRT_SECURE_NO_WARNINGS. See online help for details.
  C:\Program Files (x86)\Windows Kits\10\Include\10.0.17763.0\ucrt\string.h(133): note: 'strcpy' 선언을 참조하십시오.
C:\Users\User\source\repos\LR_Parser_2014253064\LR_Parser_2014253064\소스.cpp(926): warning C4996: 'fopen': This function or variable may be unsafe. Consider using fopen_s instead. To disable deprecation, use _CRT_SECURE_NO_WARNINGS. See online help for details.
  C:\Program Files (x86)\Windows Kits\10\Include\10.0.17763.0\ucrt\stdio.h(208): note: 'fopen' 선언을 참조하십시오.
C:\Users\User\source\repos\LR_Parser_2014253064\LR_Parser_2014253064\소스.cpp(940): warning C4996: 'strcpy': This function or variable may be unsafe. Consider using strcpy_s instead. To disable deprecation, use _CRT_SECURE_NO_WARNINGS. See online help for details.
  C:\Program Files (x86)\Windows Kits\10\Include\10.0.17763.0\ucrt\string.h(133): note: 'strcpy' 선언을 참조하십시오.
C:\Users\User\source\repos\LR_Parser_2014253064\LR_Parser_2014253064\소스.cpp(942): warning C4996: 'strcpy': This function or variable may be unsafe. Consider using strcpy_s instead. To disable deprecation, use _CRT_SECURE_NO_WARNINGS. See online help for details.
  C:\Program Files (x86)\Windows Kits\10\Include\10.0.17763.0\ucrt\string.h(133): note: 'strcpy' 선언을 참조하십시오.
C:\Users\User\source\repos\LR_Parser_2014253064\LR_Parser_2014253064\소스.cpp(1074): warning C4996: 'fopen': This function or variable may be unsafe. Consider using fopen_s instead. To disable deprecation, use _CRT_SECURE_NO_WARNINGS. See online help for details.
  C:\Program Files (x86)\Windows Kits\10\Include\10.0.17763.0\ucrt\stdio.h(208): note: 'fopen' 선언을 참조하십시오.
C:\Users\User\source\repos\LR_Parser_2014253064\LR_Parser_2014253064\소스.cpp(1154): warning C4996: 'fopen': This function or variable may be unsafe. Consider using fopen_s instead. To disable deprecation, use _CRT_SECURE_NO_WARNINGS. See online help for details.
  C:\Program Files (x86)\Windows Kits\10\Include\10.0.17763.0\ucrt\stdio.h(208): note: 'fopen' 선언을 참조하십시오.
C:\Users\User\source\repos\LR_Parser_2014253064\LR_Parser_2014253064\소스.cpp(1375): warning C4018: '<': signed 또는 unsigned가 일치하지 않습니다.
C:\Users\User\source\repos\LR_Parser_2014253064\LR_Parser_2014253064\소스.cpp(1406): warning C4018: '>=': signed 또는 unsigned가 일치하지 않습니다.
C:\Users\User\source\repos\LR_Parser_2014253064\LR_Parser_2014253064\소스.cpp(1289): warning C4996: 'fopen': This function or variable may be unsafe. Consider using fopen_s instead. To disable deprecation, use _CRT_SECURE_NO_WARNINGS. See online help for details.
  C:\Program Files (x86)\Windows Kits\10\Include\10.0.17763.0\ucrt\stdio.h(208): note: 'fopen' 선언을 참조하십시오.
C:\Users\User\source\repos\LR_Parser_2014253064\LR_Parser_2014253064\소스.cpp(1307): warning C4996: 'strcpy': This function or variable may be unsafe. Consider using strcpy_s instead. To disable deprecation, use _CRT_SECURE_NO_WARNINGS. See online help for details.
  C:\Program Files (x86)\Windows Kits\10\Include\10.0.17763.0\ucrt\string.h(133): note: 'strcpy' 선언을 참조하십시오.
C:\Users\User\source\repos\LR_Parser_2014253064\LR_Parser_2014253064\소스.cpp(1324): warning C4996: 'strcpy': This function or variable may be unsafe. Consider using strcpy_s instead. To disable deprecation, use _CRT_SECURE_NO_WARNINGS. See online help for details.
  C:\Program Files (x86)\Windows Kits\10\Include\10.0.17763.0\ucrt\string.h(133): note: 'strcpy' 선언을 참조하십시오.
C:\Users\User\source\repos\LR_Parser_2014253064\LR_Parser_2014253064\소스.cpp(1364): warning C4996: 'strcpy': This function or variable may be unsafe. Consider using strcpy_s instead. To disable deprecation, use _CRT_SECURE_NO_WARNINGS. See online help for details.
  C:\Program Files (x86)\Windows Kits\10\Include\10.0.17763.0\ucrt\string.h(133): note: 'strcpy' 선언을 참조하십시오.
C:\Users\User\source\repos\LR_Parser_2014253064\LR_Parser_2014253064\소스.cpp(1401): warning C4996: 'strcpy': This function or variable may be unsafe. Consider using strcpy_s instead. To disable deprecation, use _CRT_SECURE_NO_WARNINGS. See online help for details.
  C:\Program Files (x86)\Windows Kits\10\Include\10.0.17763.0\ucrt\string.h(133): note: 'strcpy' 선언을 참조하십시오.
C:\Users\User\source\repos\LR_Parser_2014253064\LR_Parser_2014253064\소스.cpp(1588): warning C4996: 'strcpy': This function or variable may be unsafe. Consider using strcpy_s instead. To disable deprecation, use _CRT_SECURE_NO_WARNINGS. See online help for details.
  C:\Program Files (x86)\Windows Kits\10\Include\10.0.17763.0\ucrt\string.h(133): note: 'strcpy' 선언을 참조하십시오.
C:\Users\User\source\repos\LR_Parser_2014253064\LR_Parser_2014253064\소스.cpp(1652): warning C4996: 'fopen': This function or variable may be unsafe. Consider using fopen_s instead. To disable deprecation, use _CRT_SECURE_NO_WARNINGS. See online help for details.
  C:\Program Files (x86)\Windows Kits\10\Include\10.0.17763.0\ucrt\stdio.h(208): note: 'fopen' 선언을 참조하십시오.
C:\Users\User\source\repos\LR_Parser_2014253064\LR_Parser_2014253064\소스.cpp(1657): warning C4996: 'fopen': This function or variable may be unsafe. Consider using fopen_s instead. To disable deprecation, use _CRT_SECURE_NO_WARNINGS. See online help for details.
  C:\Program Files (x86)\Windows Kits\10\Include\10.0.17763.0\ucrt\stdio.h(208): note: 'fopen' 선언을 참조하십시오.
  LR_Parser_2014253064.vcxproj -> C:\Users\User\source\repos\LR_Parser_2014253064\Debug\LR_Parser_2014253064.exe
